2022-06-14 오후 5:20:03	이 로그에는 사용자 'Ian'이(가) 컴퓨터 'DESKTOP-7T67K5V'의 프로젝트 'DevDatabase'(으)로 스키마를 가져오는 작업에 대한 정보가 들어 있습니다.
2022-06-14 오후 5:20:03	데이터베이스 스키마 가져오기를 시작했습니다.
2022-06-14 오후 5:20:05	오류 메시지를 모으고 있습니다.
2022-06-14 오후 5:20:05	암호화 공급자를 모으고 있습니다.
2022-06-14 오후 5:20:05	자격 증명을 모으고 있습니다.
2022-06-14 오후 5:20:05	로그인을 모으고 있습니다.
2022-06-14 오후 5:20:05	서버 역할을 모으고 있습니다.
2022-06-14 오후 5:20:05	서버 역할 멤버 자격을 모으고 있습니다.
2022-06-14 오후 5:20:05	연결된 서버를 모으고 있습니다.
2022-06-14 오후 5:20:05	연결된 서버 로그인을 모으고 있습니다.
2022-06-14 오후 5:20:05	경로를 모으고 있습니다.
2022-06-14 오후 5:20:05	ddl 트리거를 모으고 있습니다.
2022-06-14 오후 5:20:05	암호화 및 clr ddl 트리거를 모으고 있습니다.
2022-06-14 오후 5:20:05	이벤트 알림을 모으고 있습니다.
2022-06-14 오후 5:20:05	서버 감사를 모으고 있습니다.
2022-06-14 오후 5:20:05	서버 감사 사양을 모으고 있습니다.
2022-06-14 오후 5:20:05	이벤트 알림을 모으고 있습니다.
2022-06-14 오후 5:20:09	데이터베이스 자격 증명을 모으는 중
2022-06-14 오후 5:20:09	데이터베이스 옵션을 모으고 있습니다.
2022-06-14 오후 5:20:09	일반 데이터베이스 범위 구성 옵션 수집
2022-06-14 오후 5:20:09	사용자를 모으고 있습니다.
2022-06-14 오후 5:20:09	역할을 모으고 있습니다.
2022-06-14 오후 5:20:09	애플리케이션 역할을 모으고 있습니다.
2022-06-14 오후 5:20:09	역할 멤버 자격을 모으고 있습니다.
2022-06-14 오후 5:20:09	파일 그룹을 모으고 있습니다.
2022-06-14 오후 5:20:09	파일을 모으고 있습니다.
2022-06-14 오후 5:20:09	전체 텍스트 카탈로그를 모으고 있습니다.
2022-06-14 오후 5:20:09	어셈블리를 모으고 있습니다.
2022-06-14 오후 5:20:09	인증서를 모으고 있습니다.
2022-06-14 오후 5:20:09	비대칭 키를 모으고 있습니다.
2022-06-14 오후 5:20:09	대칭 키를 모으고 있습니다.
2022-06-14 오후 5:20:09	암호화된 대칭 키를 모으고 있습니다.
2022-06-14 오후 5:20:09	데이터베이스 암호화 키를 모으고 있습니다.
2022-06-14 오후 5:20:09	스키마를 모으고 있습니다.
2022-06-14 오후 5:20:09	XML 스키마 컬렉션을 모으고 있습니다.
2022-06-14 오후 5:20:09	사용자 정의 데이터 형식을 모으고 있습니다.
2022-06-14 오후 5:20:09	사용자 정의 유형을 모으고 있습니다.
2022-06-14 오후 5:20:09	테이블 형식을 모으고 있습니다.
2022-06-14 오후 5:20:09	테이블 형식에 대한 고유 키를 모으고 있습니다.
2022-06-14 오후 5:20:09	테이블 형식에 대한 기본 키를 모으고 있습니다.
2022-06-14 오후 5:20:09	테이블 형식에 대해 인덱스를 모으는 중
2022-06-14 오후 5:20:09	테이블 형식에 대한 CHECK 제약 조건을 모으고 있습니다.
2022-06-14 오후 5:20:09	테이블 형식에 대한 DEFAULT 제약 조건을 모으고 있습니다.
2022-06-14 오후 5:20:09	파티션 함수를 모으고 있습니다.
2022-06-14 오후 5:20:09	파티션 구성표를 모으고 있습니다.
2022-06-14 오후 5:20:09	함수를 모으고 있습니다.
2022-06-14 오후 5:20:09	암호화된 함수를 모으고 있습니다.
2022-06-14 오후 5:20:09	집계를 모으고 있습니다.
2022-06-14 오후 5:20:09	프로시저를 모으고 있습니다.
2022-06-14 오후 5:20:09	암호화된 프로시저를 모으고 있습니다.
2022-06-14 오후 5:20:09	테이블을 모으고 있습니다.
2022-06-14 오후 5:20:09	기본 키를 모으고 있습니다.
2022-06-14 오후 5:20:09	UNIQUE 제약 조건을 모으고 있습니다.
2022-06-14 오후 5:20:09	외래 키를 모으고 있습니다.
2022-06-14 오후 5:20:09	DEFAULT 제약 조건을 모으고 있습니다.
2022-06-14 오후 5:20:09	CHECK 제약 조건을 모으고 있습니다.
2022-06-14 오후 5:20:09	뷰를 모으고 있습니다.
2022-06-14 오후 5:20:09	암호화된 뷰를 모으고 있습니다.
2022-06-14 오후 5:20:09	인덱스를 모으고 있습니다.
2022-06-14 오후 5:20:09	통계를 모으고 있습니다.
2022-06-14 오후 5:20:09	전체 텍스트 인덱스 중지 목록을 모으고 있습니다.
2022-06-14 오후 5:20:09	검색 속성 목록을 모으고 있습니다.
2022-06-14 오후 5:20:09	검색 속성을 모으고 있습니다.
2022-06-14 오후 5:20:09	전체 텍스트 인덱스를 모으고 있습니다.
2022-06-14 오후 5:20:09	열 저장 인덱스를 가져오고 있습니다.
2022-06-14 오후 5:20:09	공간 인덱스를 모으고 있습니다.
2022-06-14 오후 5:20:09	XML 인덱스를 모으고 있습니다.
2022-06-14 오후 5:20:09	선택적 XML 인덱스를 모으고 있습니다.
2022-06-14 오후 5:20:09	암호화된 트리거를 모으고 있습니다.
2022-06-14 오후 5:20:09	트리거를 모으고 있습니다.
2022-06-14 오후 5:20:09	암호화 및 clr ddl 트리거를 모으고 있습니다.
2022-06-14 오후 5:20:09	ddl 트리거를 모으고 있습니다.
2022-06-14 오후 5:20:09	동의어를 모으고 있습니다.
2022-06-14 오후 5:20:09	기본값을 모으고 있습니다.
2022-06-14 오후 5:20:09	데이터 제약 조건 uddt 바인딩을 모으고 있습니다.
2022-06-14 오후 5:20:09	규칙을 모으고 있습니다.
2022-06-14 오후 5:20:09	데이터 제약 조건 uddt 바인딩을 모으고 있습니다.
2022-06-14 오후 5:20:09	메시지 유형을 모으고 있습니다.
2022-06-14 오후 5:20:09	큐를 모으고 있습니다.
2022-06-14 오후 5:20:09	계약을 모으고 있습니다.
2022-06-14 오후 5:20:09	서비스를 모으고 있습니다.
2022-06-14 오후 5:20:09	경로를 모으고 있습니다.
2022-06-14 오후 5:20:09	이벤트 알림을 모으고 있습니다.
2022-06-14 오후 5:20:09	원격 서비스 바인딩을 모으고 있습니다.
2022-06-14 오후 5:20:09	Broker 우선 순위를 모으고 있습니다.
2022-06-14 오후 5:20:09	데이터베이스 감사 사양을 모으고 있습니다.
2022-06-14 오후 5:20:09	서명을 모으고 있습니다.
2022-06-14 오후 5:20:09	데이터 압축 옵션을 모으고 있습니다.
2022-06-14 오후 5:20:09	시퀀스 유형을 모으고 있습니다.
2022-06-14 오후 5:20:09	보안 정책을 모으고 있습니다.
2022-06-14 오후 5:20:09	열 암호화 키 수집
2022-06-14 오후 5:20:09	열 마스터 키 수집 중
2022-06-14 오후 5:20:09	외부 데이터 원본 수집 중
2022-06-14 오후 5:20:09	외부 파일 형식 수집 중
2022-06-14 오후 5:20:09	외부 테이블 수집 중
2022-06-14 오후 5:20:09	데이터베이스 권한을 모으고 있습니다.
2022-06-14 오후 5:20:10	확장 속성을 모으고 있습니다.
2022-06-14 오후 5:20:10	어셈블리를 모으고 있습니다.
2022-06-14 오후 5:20:10	프로젝트에서 중복 요소를 검색하고 있습니다.
2022-06-14 오후 5:20:11	중복 요소를 처리했습니다.
2022-06-14 오후 5:20:11	데이터베이스 가져오기를 완료했습니다.
2022-06-14 오후 5:20:11	가져오기 요약 정보가 다음 위치에 저장되었습니다. C:\Users\Ian\Desktop\ian\C#\ASP.NET\ASP.NET-Example\WebAppExample\DevDatabase\스키마 로그 가져오기\DevDatabase_20220614082003.log
2022-06-14 오후 5:20:11	계속하려면 [마침]을 클릭하십시오....
